<?xml version="1.0" encoding="UTF-8"?>
<coverage generated="1753685315269" clover="3.2.0">
  <project timestamp="1753685315269" name="All files">
    <metrics statements="22" coveredstatements="17" conditionals="8" coveredconditionals="5" methods="6" coveredmethods="4" elements="36" coveredelements="26" complexity="0" loc="22" ncloc="22" packages="1" files="2" classes="2"/>
    <file name="gameBoard.js" path="/home/odinstudent/repos/ODIN PROJECTS/odin-battleship/src/js/gameBoard.js">
      <metrics statements="13" coveredstatements="13" conditionals="4" coveredconditionals="3" methods="3" coveredmethods="3"/>
      <line num="5" count="1" type="stmt"/>
      <line num="9" count="1" type="stmt"/>
      <line num="11" count="1" type="stmt"/>
      <line num="12" count="10" type="stmt"/>
      <line num="13" count="100" type="stmt"/>
      <line num="18" count="100" type="stmt"/>
      <line num="24" count="2" type="stmt"/>
      <line num="26" count="2" type="cond" truecount="2" falsecount="0"/>
      <line num="27" count="1" type="stmt"/>
      <line num="28" count="5" type="stmt"/>
      <line num="30" count="1" type="cond" truecount="1" falsecount="1"/>
      <line num="31" count="1" type="stmt"/>
      <line num="32" count="3" type="stmt"/>
    </file>
    <file name="ship.js" path="/home/odinstudent/repos/ODIN PROJECTS/odin-battleship/src/js/ship.js">
      <metrics statements="9" coveredstatements="4" conditionals="4" coveredconditionals="2" methods="3" coveredmethods="1"/>
      <line num="3" count="3" type="stmt"/>
      <line num="4" count="3" type="stmt"/>
      <line num="5" count="3" type="stmt"/>
      <line num="6" count="3" type="stmt"/>
      <line num="10" count="0" type="stmt"/>
      <line num="11" count="0" type="stmt"/>
      <line num="15" count="0" type="cond" truecount="0" falsecount="2"/>
      <line num="16" count="0" type="stmt"/>
      <line num="18" count="0" type="stmt"/>
    </file>
  </project>
</coverage>
