<?xml version="1.0" encoding="UTF-8"?>
<coverage generated="1753687432047" clover="3.2.0">
  <project timestamp="1753687432047" name="All files">
    <metrics statements="47" coveredstatements="40" conditionals="29" coveredconditionals="24" methods="7" coveredmethods="5" elements="83" coveredelements="69" complexity="0" loc="47" ncloc="47" packages="1" files="2" classes="2"/>
    <file name="gameBoard.js" path="/home/odinstudent/repos/ODIN PROJECTS/odin-battleship/src/js/gameBoard.js">
      <metrics statements="38" coveredstatements="36" conditionals="25" coveredconditionals="22" methods="4" coveredmethods="4"/>
      <line num="5" count="1" type="stmt"/>
      <line num="6" count="1" type="stmt"/>
      <line num="10" count="1" type="stmt"/>
      <line num="12" count="1" type="stmt"/>
      <line num="13" count="10" type="stmt"/>
      <line num="14" count="100" type="stmt"/>
      <line num="19" count="100" type="stmt"/>
      <line num="25" count="7" type="stmt"/>
      <line num="27" count="7" type="cond" truecount="6" falsecount="0"/>
      <line num="28" count="2" type="stmt"/>
      <line num="29" count="2" type="stmt"/>
      <line num="32" count="5" type="cond" truecount="2" falsecount="0"/>
      <line num="33" count="2" type="stmt"/>
      <line num="34" count="7" type="cond" truecount="2" falsecount="0"/>
      <line num="35" count="1" type="stmt"/>
      <line num="36" count="1" type="stmt"/>
      <line num="37" count="6" type="cond" truecount="1" falsecount="1"/>
      <line num="38" count="0" type="stmt"/>
      <line num="39" count="0" type="stmt"/>
      <line num="42" count="3" type="cond" truecount="1" falsecount="1"/>
      <line num="43" count="3" type="stmt"/>
      <line num="44" count="10" type="cond" truecount="2" falsecount="0"/>
      <line num="45" count="1" type="stmt"/>
      <line num="46" count="1" type="stmt"/>
      <line num="47" count="9" type="cond" truecount="2" falsecount="0"/>
      <line num="48" count="1" type="stmt"/>
      <line num="49" count="1" type="stmt"/>
      <line num="53" count="2" type="stmt"/>
      <line num="57" count="6" type="cond" truecount="2" falsecount="0"/>
      <line num="58" count="4" type="stmt"/>
      <line num="60" count="2" type="stmt"/>
      <line num="61" count="2" type="stmt"/>
      <line num="63" count="2" type="cond" truecount="2" falsecount="0"/>
      <line num="64" count="1" type="stmt"/>
      <line num="65" count="5" type="stmt"/>
      <line num="67" count="1" type="cond" truecount="1" falsecount="1"/>
      <line num="68" count="1" type="stmt"/>
      <line num="69" count="3" type="stmt"/>
    </file>
    <file name="ship.js" path="/home/odinstudent/repos/ODIN PROJECTS/odin-battleship/src/js/ship.js">
      <metrics statements="9" coveredstatements="4" conditionals="4" coveredconditionals="2" methods="3" coveredmethods="1"/>
      <line num="3" count="2" type="stmt"/>
      <line num="4" count="2" type="stmt"/>
      <line num="5" count="2" type="stmt"/>
      <line num="6" count="2" type="stmt"/>
      <line num="10" count="0" type="stmt"/>
      <line num="11" count="0" type="stmt"/>
      <line num="15" count="0" type="cond" truecount="0" falsecount="2"/>
      <line num="16" count="0" type="stmt"/>
      <line num="18" count="0" type="stmt"/>
    </file>
  </project>
</coverage>
