{"/home/odinstudent/repos/ODIN PROJECTS/odin-battleship/src/js/gameBoard.js": {"path":"/home/odinstudent/repos/ODIN PROJECTS/odin-battleship/src/js/gameBoard.js","statementMap":{"0":{"start":{"line":5,"column":4},"end":{"line":5,"column":23}},"1":{"start":{"line":6,"column":4},"end":{"line":6,"column":29}},"2":{"start":{"line":10,"column":4},"end":{"line":10,"column":20}},"3":{"start":{"line":12,"column":4},"end":{"line":21,"column":5}},"4":{"start":{"line":12,"column":19},"end":{"line":12,"column":20}},"5":{"start":{"line":13,"column":6},"end":{"line":20,"column":7}},"6":{"start":{"line":13,"column":21},"end":{"line":13,"column":22}},"7":{"start":{"line":14,"column":21},"end":{"line":18,"column":9}},"8":{"start":{"line":19,"column":8},"end":{"line":19,"column":32}},"9":{"start":{"line":25,"column":21},"end":{"line":25,"column":25}},"10":{"start":{"line":27,"column":4},"end":{"line":30,"column":5}},"11":{"start":{"line":28,"column":6},"end":{"line":28,"column":25}},"12":{"start":{"line":29,"column":6},"end":{"line":29,"column":24}},"13":{"start":{"line":32,"column":4},"end":{"line":52,"column":5}},"14":{"start":{"line":33,"column":6},"end":{"line":41,"column":7}},"15":{"start":{"line":33,"column":19},"end":{"line":33,"column":20}},"16":{"start":{"line":34,"column":8},"end":{"line":40,"column":9}},"17":{"start":{"line":35,"column":10},"end":{"line":35,"column":29}},"18":{"start":{"line":36,"column":10},"end":{"line":36,"column":28}},"19":{"start":{"line":37,"column":15},"end":{"line":40,"column":9}},"20":{"start":{"line":38,"column":10},"end":{"line":38,"column":29}},"21":{"start":{"line":39,"column":10},"end":{"line":39,"column":28}},"22":{"start":{"line":42,"column":11},"end":{"line":52,"column":5}},"23":{"start":{"line":43,"column":6},"end":{"line":51,"column":7}},"24":{"start":{"line":43,"column":19},"end":{"line":43,"column":20}},"25":{"start":{"line":44,"column":8},"end":{"line":50,"column":9}},"26":{"start":{"line":45,"column":10},"end":{"line":45,"column":29}},"27":{"start":{"line":46,"column":10},"end":{"line":46,"column":28}},"28":{"start":{"line":47,"column":15},"end":{"line":50,"column":9}},"29":{"start":{"line":48,"column":10},"end":{"line":48,"column":29}},"30":{"start":{"line":49,"column":10},"end":{"line":49,"column":28}},"31":{"start":{"line":53,"column":4},"end":{"line":53,"column":22}},"32":{"start":{"line":57,"column":4},"end":{"line":72,"column":5}},"33":{"start":{"line":58,"column":6},"end":{"line":58,"column":13}},"34":{"start":{"line":60,"column":20},"end":{"line":60,"column":46}},"35":{"start":{"line":61,"column":6},"end":{"line":61,"column":34}},"36":{"start":{"line":63,"column":6},"end":{"line":71,"column":7}},"37":{"start":{"line":64,"column":8},"end":{"line":66,"column":9}},"38":{"start":{"line":64,"column":21},"end":{"line":64,"column":22}},"39":{"start":{"line":65,"column":10},"end":{"line":65,"column":63}},"40":{"start":{"line":67,"column":13},"end":{"line":71,"column":7}},"41":{"start":{"line":68,"column":8},"end":{"line":70,"column":9}},"42":{"start":{"line":68,"column":21},"end":{"line":68,"column":22}},"43":{"start":{"line":69,"column":10},"end":{"line":69,"column":63}}},"fnMap":{"0":{"name":"(anonymous_0)","decl":{"start":{"line":4,"column":2},"end":{"line":4,"column":3}},"loc":{"start":{"line":4,"column":36},"end":{"line":7,"column":3}},"line":4},"1":{"name":"(anonymous_1)","decl":{"start":{"line":9,"column":2},"end":{"line":9,"column":3}},"loc":{"start":{"line":9,"column":20},"end":{"line":22,"column":3}},"line":9},"2":{"name":"(anonymous_2)","decl":{"start":{"line":24,"column":2},"end":{"line":24,"column":3}},"loc":{"start":{"line":24,"column":44},"end":{"line":54,"column":3}},"line":24},"3":{"name":"(anonymous_3)","decl":{"start":{"line":56,"column":2},"end":{"line":56,"column":3}},"loc":{"start":{"line":56,"column":53},"end":{"line":73,"column":3}},"line":56}},"branchMap":{"0":{"loc":{"start":{"line":4,"column":21},"end":{"line":4,"column":34}},"type":"default-arg","locations":[{"start":{"line":4,"column":32},"end":{"line":4,"column":34}}],"line":4},"1":{"loc":{"start":{"line":27,"column":4},"end":{"line":30,"column":5}},"type":"if","locations":[{"start":{"line":27,"column":4},"end":{"line":30,"column":5}},{"start":{},"end":{}}],"line":27},"2":{"loc":{"start":{"line":27,"column":8},"end":{"line":27,"column":48}},"type":"binary-expr","locations":[{"start":{"line":27,"column":8},"end":{"line":27,"column":15}},{"start":{"line":27,"column":19},"end":{"line":27,"column":26}},{"start":{"line":27,"column":30},"end":{"line":27,"column":37}},{"start":{"line":27,"column":41},"end":{"line":27,"column":48}}],"line":27},"3":{"loc":{"start":{"line":32,"column":4},"end":{"line":52,"column":5}},"type":"if","locations":[{"start":{"line":32,"column":4},"end":{"line":52,"column":5}},{"start":{"line":42,"column":11},"end":{"line":52,"column":5}}],"line":32},"4":{"loc":{"start":{"line":34,"column":8},"end":{"line":40,"column":9}},"type":"if","locations":[{"start":{"line":34,"column":8},"end":{"line":40,"column":9}},{"start":{"line":37,"column":15},"end":{"line":40,"column":9}}],"line":34},"5":{"loc":{"start":{"line":37,"column":15},"end":{"line":40,"column":9}},"type":"if","locations":[{"start":{"line":37,"column":15},"end":{"line":40,"column":9}},{"start":{},"end":{}}],"line":37},"6":{"loc":{"start":{"line":42,"column":11},"end":{"line":52,"column":5}},"type":"if","locations":[{"start":{"line":42,"column":11},"end":{"line":52,"column":5}},{"start":{},"end":{}}],"line":42},"7":{"loc":{"start":{"line":44,"column":8},"end":{"line":50,"column":9}},"type":"if","locations":[{"start":{"line":44,"column":8},"end":{"line":50,"column":9}},{"start":{"line":47,"column":15},"end":{"line":50,"column":9}}],"line":44},"8":{"loc":{"start":{"line":47,"column":15},"end":{"line":50,"column":9}},"type":"if","locations":[{"start":{"line":47,"column":15},"end":{"line":50,"column":9}},{"start":{},"end":{}}],"line":47},"9":{"loc":{"start":{"line":57,"column":4},"end":{"line":72,"column":5}},"type":"if","locations":[{"start":{"line":57,"column":4},"end":{"line":72,"column":5}},{"start":{"line":59,"column":11},"end":{"line":72,"column":5}}],"line":57},"10":{"loc":{"start":{"line":63,"column":6},"end":{"line":71,"column":7}},"type":"if","locations":[{"start":{"line":63,"column":6},"end":{"line":71,"column":7}},{"start":{"line":67,"column":13},"end":{"line":71,"column":7}}],"line":63},"11":{"loc":{"start":{"line":67,"column":13},"end":{"line":71,"column":7}},"type":"if","locations":[{"start":{"line":67,"column":13},"end":{"line":71,"column":7}},{"start":{},"end":{}}],"line":67}},"s":{"0":1,"1":1,"2":1,"3":1,"4":1,"5":10,"6":10,"7":100,"8":100,"9":7,"10":7,"11":2,"12":2,"13":5,"14":2,"15":2,"16":7,"17":1,"18":1,"19":6,"20":0,"21":0,"22":3,"23":3,"24":3,"25":10,"26":1,"27":1,"28":9,"29":1,"30":1,"31":2,"32":6,"33":4,"34":2,"35":2,"36":2,"37":1,"38":1,"39":5,"40":1,"41":1,"42":1,"43":3},"f":{"0":1,"1":1,"2":7,"3":6},"b":{"0":[1],"1":[2,5],"2":[7,7,5,5],"3":[2,3],"4":[1,6],"5":[0,6],"6":[3,0],"7":[1,9],"8":[1,8],"9":[4,2],"10":[1,1],"11":[1,0]},"_coverageSchema":"1a1c01bbd47fc00a2c39e90264f33305004495a9","hash":"22d1a289aae3737ca178c6a0eb1573779046537d"}
,"/home/odinstudent/repos/ODIN PROJECTS/odin-battleship/src/js/ship.js": {"path":"/home/odinstudent/repos/ODIN PROJECTS/odin-battleship/src/js/ship.js","statementMap":{"0":{"start":{"line":3,"column":4},"end":{"line":3,"column":25}},"1":{"start":{"line":4,"column":4},"end":{"line":4,"column":21}},"2":{"start":{"line":5,"column":4},"end":{"line":5,"column":31}},"3":{"start":{"line":6,"column":4},"end":{"line":6,"column":21}},"4":{"start":{"line":10,"column":4},"end":{"line":10,"column":21}},"5":{"start":{"line":11,"column":4},"end":{"line":11,"column":26}},"6":{"start":{"line":15,"column":4},"end":{"line":17,"column":5}},"7":{"start":{"line":16,"column":6},"end":{"line":16,"column":23}},"8":{"start":{"line":18,"column":4},"end":{"line":18,"column":21}}},"fnMap":{"0":{"name":"(anonymous_0)","decl":{"start":{"line":2,"column":2},"end":{"line":2,"column":3}},"loc":{"start":{"line":2,"column":57},"end":{"line":7,"column":3}},"line":2},"1":{"name":"(anonymous_1)","decl":{"start":{"line":9,"column":2},"end":{"line":9,"column":3}},"loc":{"start":{"line":9,"column":8},"end":{"line":12,"column":3}},"line":9},"2":{"name":"(anonymous_2)","decl":{"start":{"line":14,"column":2},"end":{"line":14,"column":3}},"loc":{"start":{"line":14,"column":11},"end":{"line":19,"column":3}},"line":14}},"branchMap":{"0":{"loc":{"start":{"line":2,"column":28},"end":{"line":2,"column":41}},"type":"default-arg","locations":[{"start":{"line":2,"column":40},"end":{"line":2,"column":41}}],"line":2},"1":{"loc":{"start":{"line":2,"column":43},"end":{"line":2,"column":55}},"type":"default-arg","locations":[{"start":{"line":2,"column":50},"end":{"line":2,"column":55}}],"line":2},"2":{"loc":{"start":{"line":15,"column":4},"end":{"line":17,"column":5}},"type":"if","locations":[{"start":{"line":15,"column":4},"end":{"line":17,"column":5}},{"start":{},"end":{}}],"line":15}},"s":{"0":2,"1":2,"2":2,"3":2,"4":0,"5":0,"6":0,"7":0,"8":0},"f":{"0":2,"1":0,"2":0},"b":{"0":[2],"1":[2],"2":[0,0]},"_coverageSchema":"1a1c01bbd47fc00a2c39e90264f33305004495a9","hash":"0c4e9fb74667a7bad4555b54ba1a14b0c153f31c"}
}
