{"/home/odinstudent/repos/ODIN PROJECTS/odin-battleship/src/js/gameBoard.js": {"path":"/home/odinstudent/repos/ODIN PROJECTS/odin-battleship/src/js/gameBoard.js","statementMap":{"0":{"start":{"line":5,"column":4},"end":{"line":5,"column":23}},"1":{"start":{"line":9,"column":4},"end":{"line":9,"column":20}},"2":{"start":{"line":11,"column":4},"end":{"line":20,"column":5}},"3":{"start":{"line":11,"column":19},"end":{"line":11,"column":20}},"4":{"start":{"line":12,"column":6},"end":{"line":19,"column":7}},"5":{"start":{"line":12,"column":21},"end":{"line":12,"column":22}},"6":{"start":{"line":13,"column":21},"end":{"line":17,"column":9}},"7":{"start":{"line":18,"column":8},"end":{"line":18,"column":32}},"8":{"start":{"line":24,"column":18},"end":{"line":24,"column":44}},"9":{"start":{"line":26,"column":4},"end":{"line":34,"column":5}},"10":{"start":{"line":27,"column":6},"end":{"line":29,"column":7}},"11":{"start":{"line":27,"column":19},"end":{"line":27,"column":20}},"12":{"start":{"line":28,"column":8},"end":{"line":28,"column":61}},"13":{"start":{"line":30,"column":11},"end":{"line":34,"column":5}},"14":{"start":{"line":31,"column":6},"end":{"line":33,"column":7}},"15":{"start":{"line":31,"column":19},"end":{"line":31,"column":20}},"16":{"start":{"line":32,"column":8},"end":{"line":32,"column":61}}},"fnMap":{"0":{"name":"(anonymous_0)","decl":{"start":{"line":4,"column":2},"end":{"line":4,"column":3}},"loc":{"start":{"line":4,"column":21},"end":{"line":6,"column":3}},"line":4},"1":{"name":"(anonymous_1)","decl":{"start":{"line":8,"column":2},"end":{"line":8,"column":3}},"loc":{"start":{"line":8,"column":20},"end":{"line":21,"column":3}},"line":8},"2":{"name":"(anonymous_2)","decl":{"start":{"line":23,"column":2},"end":{"line":23,"column":3}},"loc":{"start":{"line":23,"column":53},"end":{"line":35,"column":3}},"line":23}},"branchMap":{"0":{"loc":{"start":{"line":26,"column":4},"end":{"line":34,"column":5}},"type":"if","locations":[{"start":{"line":26,"column":4},"end":{"line":34,"column":5}},{"start":{"line":30,"column":11},"end":{"line":34,"column":5}}],"line":26},"1":{"loc":{"start":{"line":30,"column":11},"end":{"line":34,"column":5}},"type":"if","locations":[{"start":{"line":30,"column":11},"end":{"line":34,"column":5}},{"start":{},"end":{}}],"line":30}},"s":{"0":1,"1":1,"2":1,"3":1,"4":10,"5":10,"6":100,"7":100,"8":2,"9":2,"10":1,"11":1,"12":5,"13":1,"14":1,"15":1,"16":3},"f":{"0":1,"1":1,"2":2},"b":{"0":[1,1],"1":[1,0]},"_coverageSchema":"1a1c01bbd47fc00a2c39e90264f33305004495a9","hash":"ae675f18a6beae386979182eea52c4bcbe8e8c63"}
,"/home/odinstudent/repos/ODIN PROJECTS/odin-battleship/src/js/ship.js": {"path":"/home/odinstudent/repos/ODIN PROJECTS/odin-battleship/src/js/ship.js","statementMap":{"0":{"start":{"line":3,"column":4},"end":{"line":3,"column":25}},"1":{"start":{"line":4,"column":4},"end":{"line":4,"column":21}},"2":{"start":{"line":5,"column":4},"end":{"line":5,"column":31}},"3":{"start":{"line":6,"column":4},"end":{"line":6,"column":21}},"4":{"start":{"line":10,"column":4},"end":{"line":10,"column":21}},"5":{"start":{"line":11,"column":4},"end":{"line":11,"column":26}},"6":{"start":{"line":15,"column":4},"end":{"line":17,"column":5}},"7":{"start":{"line":16,"column":6},"end":{"line":16,"column":23}},"8":{"start":{"line":18,"column":4},"end":{"line":18,"column":21}}},"fnMap":{"0":{"name":"(anonymous_0)","decl":{"start":{"line":2,"column":2},"end":{"line":2,"column":3}},"loc":{"start":{"line":2,"column":57},"end":{"line":7,"column":3}},"line":2},"1":{"name":"(anonymous_1)","decl":{"start":{"line":9,"column":2},"end":{"line":9,"column":3}},"loc":{"start":{"line":9,"column":8},"end":{"line":12,"column":3}},"line":9},"2":{"name":"(anonymous_2)","decl":{"start":{"line":14,"column":2},"end":{"line":14,"column":3}},"loc":{"start":{"line":14,"column":11},"end":{"line":19,"column":3}},"line":14}},"branchMap":{"0":{"loc":{"start":{"line":2,"column":28},"end":{"line":2,"column":41}},"type":"default-arg","locations":[{"start":{"line":2,"column":40},"end":{"line":2,"column":41}}],"line":2},"1":{"loc":{"start":{"line":2,"column":43},"end":{"line":2,"column":55}},"type":"default-arg","locations":[{"start":{"line":2,"column":50},"end":{"line":2,"column":55}}],"line":2},"2":{"loc":{"start":{"line":15,"column":4},"end":{"line":17,"column":5}},"type":"if","locations":[{"start":{"line":15,"column":4},"end":{"line":17,"column":5}},{"start":{},"end":{}}],"line":15}},"s":{"0":3,"1":3,"2":3,"3":3,"4":0,"5":0,"6":0,"7":0,"8":0},"f":{"0":3,"1":0,"2":0},"b":{"0":[3],"1":[3],"2":[0,0]},"_coverageSchema":"1a1c01bbd47fc00a2c39e90264f33305004495a9","hash":"0c4e9fb74667a7bad4555b54ba1a14b0c153f31c"}
}
