TN:
SF:src/js/gameBoard.js
FN:4,(anonymous_0)
FN:9,(anonymous_1)
FN:24,(anonymous_2)
FN:56,(anonymous_3)
FN:75,(anonymous_4)
FN:99,(anonymous_5)
FNF:6
FNH:6
FNDA:1,(anonymous_0)
FNDA:1,(anonymous_1)
FNDA:7,(anonymous_2)
FNDA:6,(anonymous_3)
FNDA:8,(anonymous_4)
FNDA:2,(anonymous_5)
DA:5,1
DA:6,1
DA:10,1
DA:12,1
DA:13,10
DA:14,100
DA:19,100
DA:25,7
DA:27,7
DA:28,2
DA:29,2
DA:32,5
DA:33,2
DA:34,7
DA:35,1
DA:36,1
DA:37,6
DA:38,0
DA:39,0
DA:42,3
DA:43,3
DA:44,10
DA:45,1
DA:46,1
DA:47,9
DA:48,1
DA:49,1
DA:53,2
DA:57,6
DA:58,4
DA:60,2
DA:61,2
DA:63,2
DA:64,1
DA:65,5
DA:67,1
DA:68,1
DA:69,3
DA:76,8
DA:77,8
DA:78,0
DA:81,8
DA:83,8
DA:84,8
DA:86,8
DA:87,8
DA:89,8
DA:96,0
DA:100,2
DA:101,4
DA:102,1
DA:106,1
LF:52
LH:48
BRDA:4,0,0,1
BRDA:27,1,0,2
BRDA:27,1,1,5
BRDA:27,2,0,7
BRDA:27,2,1,7
BRDA:27,2,2,5
BRDA:27,2,3,5
BRDA:32,3,0,2
BRDA:32,3,1,3
BRDA:34,4,0,1
BRDA:34,4,1,6
BRDA:37,5,0,0
BRDA:37,5,1,6
BRDA:42,6,0,3
BRDA:42,6,1,0
BRDA:44,7,0,1
BRDA:44,7,1,9
BRDA:47,8,0,1
BRDA:47,8,1,8
BRDA:57,9,0,4
BRDA:57,9,1,2
BRDA:63,10,0,1
BRDA:63,10,1,1
BRDA:67,11,0,1
BRDA:67,11,1,0
BRDA:77,12,0,0
BRDA:77,12,1,8
BRDA:83,13,0,8
BRDA:83,13,1,0
BRDA:90,14,0,2
BRDA:90,14,1,6
BRDA:101,15,0,1
BRDA:101,15,1,3
BRF:33
BRH:28
end_of_record
TN:
SF:src/js/ship.js
FN:2,(anonymous_0)
FN:9,(anonymous_1)
FN:14,(anonymous_2)
FNF:3
FNH:3
FNDA:2,(anonymous_0)
FNDA:8,(anonymous_1)
FNDA:8,(anonymous_2)
DA:3,2
DA:4,2
DA:5,2
DA:6,2
DA:10,8
DA:11,8
DA:15,8
DA:16,2
DA:18,8
LF:9
LH:9
BRDA:2,0,0,2
BRDA:2,1,0,2
BRDA:15,2,0,2
BRDA:15,2,1,6
BRF:4
BRH:4
end_of_record
