TN:
SF:src/js/gameBoard.js
FN:4,(anonymous_0)
FN:9,(anonymous_1)
FN:24,(anonymous_2)
FN:56,(anonymous_3)
FNF:4
FNH:4
FNDA:1,(anonymous_0)
FNDA:1,(anonymous_1)
FNDA:7,(anonymous_2)
FNDA:6,(anonymous_3)
DA:5,1
DA:6,1
DA:10,1
DA:12,1
DA:13,10
DA:14,100
DA:19,100
DA:25,7
DA:27,7
DA:28,2
DA:29,2
DA:32,5
DA:33,2
DA:34,7
DA:35,1
DA:36,1
DA:37,6
DA:38,0
DA:39,0
DA:42,3
DA:43,3
DA:44,10
DA:45,1
DA:46,1
DA:47,9
DA:48,1
DA:49,1
DA:53,2
DA:57,6
DA:58,4
DA:60,2
DA:61,2
DA:63,2
DA:64,1
DA:65,5
DA:67,1
DA:68,1
DA:69,3
LF:38
LH:36
BRDA:4,0,0,1
BRDA:27,1,0,2
BRDA:27,1,1,5
BRDA:27,2,0,7
BRDA:27,2,1,7
BRDA:27,2,2,5
BRDA:27,2,3,5
BRDA:32,3,0,2
BRDA:32,3,1,3
BRDA:34,4,0,1
BRDA:34,4,1,6
BRDA:37,5,0,0
BRDA:37,5,1,6
BRDA:42,6,0,3
BRDA:42,6,1,0
BRDA:44,7,0,1
BRDA:44,7,1,9
BRDA:47,8,0,1
BRDA:47,8,1,8
BRDA:57,9,0,4
BRDA:57,9,1,2
BRDA:63,10,0,1
BRDA:63,10,1,1
BRDA:67,11,0,1
BRDA:67,11,1,0
BRF:25
BRH:22
end_of_record
TN:
SF:src/js/ship.js
FN:2,(anonymous_0)
FN:9,(anonymous_1)
FN:14,(anonymous_2)
FNF:3
FNH:1
FNDA:2,(anonymous_0)
FNDA:0,(anonymous_1)
FNDA:0,(anonymous_2)
DA:3,2
DA:4,2
DA:5,2
DA:6,2
DA:10,0
DA:11,0
DA:15,0
DA:16,0
DA:18,0
LF:9
LH:4
BRDA:2,0,0,2
BRDA:2,1,0,2
BRDA:15,2,0,0
BRDA:15,2,1,0
BRF:4
BRH:2
end_of_record
